<?xml version="1.0" encoding="UTF-8"?>
<!-- Generated by org.testng.reporters.JUnitXMLReporter -->
<testsuite ignored="0" hostname="RavindraLaptop" failures="0" tests="3" name="Default test" time="22.828" errors="0" timestamp="2022-03-20T09:56:34 IST">
  <testcase classname="TestNGCode.March19_DP" name="add" time="8.271"/>
  <testcase classname="TestNGCode.March19_DP" name="add" time="6.099"/>
  <testcase classname="TestNGCode.March19_DP" name="add" time="5.126"/>
</testsuite> <!-- Default test -->
